Completed landmarks in directory: D:\HR Estimation\face_landmarks_81p\01\01_DM\
Completed landmarks in directory: D:\HR Estimation\face_landmarks_81p\01\01_DS\
Completed landmarks in directory: D:\HR Estimation\face_landmarks_81p\01\01_NM\
Completed landmarks in directory: D:\HR Estimation\face_landmarks_81p\01\01_NS\
Completed landmarks in directory: D:\HR Estimation\face_landmarks_81p\01\01_NSE\
Completed landmarks in directory: D:\HR Estimation\face_landmarks_81p\02\02_DM\
Completed landmarks in directory: D:\HR Estimation\face_landmarks_81p\02\02_DS\
Completed landmarks in directory: D:\HR Estimation\face_landmarks_81p\02\02_NM\
Completed landmarks in directory: D:\HR Estimation\face_landmarks_81p\02\02_NS\
Completed landmarks in directory: D:\HR Estimation\face_landmarks_81p\02\02_NSE\
Completed landmarks in directory: D:\HR Estimation\face_landmarks_81p\03\03_DM\
Completed landmarks in directory: D:\HR Estimation\face_landmarks_81p\03\03_DS\
Completed landmarks in directory: D:\HR Estimation\face_landmarks_81p\03\03_NM\
Completed landmarks in directory: D:\HR Estimation\face_landmarks_81p\03\03_NS\
Failed to open video file: D:\HR Estimation\PFFdatabase\03\03_NSE_f.MOV
Completed landmarks in directory: D:\HR Estimation\face_landmarks_81p\04\04_DM\
Completed landmarks in directory: D:\HR Estimation\face_landmarks_81p\04\04_DS\
Completed landmarks in directory: D:\HR Estimation\face_landmarks_81p\04\04_NM\
Completed landmarks in directory: D:\HR Estimation\face_landmarks_81p\04\04_NS\
Failed to open video file: D:\HR Estimation\PFFdatabase\04\04_NSE_f.MOV
Completed landmarks in directory: D:\HR Estimation\face_landmarks_81p\05\05_DM\
Completed landmarks in directory: D:\HR Estimation\face_landmarks_81p\05\05_DS\
Completed landmarks in directory: D:\HR Estimation\face_landmarks_81p\05\05_NM\
Completed landmarks in directory: D:\HR Estimation\face_landmarks_81p\05\05_NS\
Failed to open video file: D:\HR Estimation\PFFdatabase\05\05_NSE_f.MOV
Completed landmarks in directory: D:\HR Estimation\face_landmarks_81p\06\06_DM\
Completed landmarks in directory: D:\HR Estimation\face_landmarks_81p\06\06_DS\
Completed landmarks in directory: D:\HR Estimation\face_landmarks_81p\06\06_NM\
Completed landmarks in directory: D:\HR Estimation\face_landmarks_81p\06\06_NS\
Failed to open video file: D:\HR Estimation\PFFdatabase\06\06_NSE_f.MOV
Completed landmarks in directory: D:\HR Estimation\face_landmarks_81p\07\07_DM\
Completed landmarks in directory: D:\HR Estimation\face_landmarks_81p\07\07_DS\
Completed landmarks in directory: D:\HR Estimation\face_landmarks_81p\07\07_NM\
Completed landmarks in directory: D:\HR Estimation\face_landmarks_81p\07\07_NS\
Failed to open video file: D:\HR Estimation\PFFdatabase\07\07_NSE_f.MOV
Completed landmarks in directory: D:\HR Estimation\face_landmarks_81p\08\08_DM\
Completed landmarks in directory: D:\HR Estimation\face_landmarks_81p\08\08_DS\
Completed landmarks in directory: D:\HR Estimation\face_landmarks_81p\08\08_NM\
Completed landmarks in directory: D:\HR Estimation\face_landmarks_81p\08\08_NS\
Completed landmarks in directory: D:\HR Estimation\face_landmarks_81p\08\08_NSE\
Completed landmarks in directory: D:\HR Estimation\face_landmarks_81p\09\09_DM\
Completed landmarks in directory: D:\HR Estimation\face_landmarks_81p\09\09_DS\
Completed landmarks in directory: D:\HR Estimation\face_landmarks_81p\09\09_NM\
Completed landmarks in directory: D:\HR Estimation\face_landmarks_81p\09\09_NS\
Failed to open video file: D:\HR Estimation\PFFdatabase\09\09_NSE_f.MOV
Completed landmarks in directory: D:\HR Estimation\face_landmarks_81p\10\10_DM\
Completed landmarks in directory: D:\HR Estimation\face_landmarks_81p\10\10_DS\
Completed landmarks in directory: D:\HR Estimation\face_landmarks_81p\10\10_NM\
Completed landmarks in directory: D:\HR Estimation\face_landmarks_81p\10\10_NS\
Failed to open video file: D:\HR Estimation\PFFdatabase\10\10_NSE_f.MOV
Completed landmarks in directory: D:\HR Estimation\face_landmarks_81p\11\11_DM\
Completed landmarks in directory: D:\HR Estimation\face_landmarks_81p\11\11_DS\
Completed landmarks in directory: D:\HR Estimation\face_landmarks_81p\11\11_NM\
Completed landmarks in directory: D:\HR Estimation\face_landmarks_81p\11\11_NS\
Failed to open video file: D:\HR Estimation\PFFdatabase\11\11_NSE_f.MOV
Completed landmarks in directory: D:\HR Estimation\face_landmarks_81p\12\12_DM\
Completed landmarks in directory: D:\HR Estimation\face_landmarks_81p\12\12_DS\
Completed landmarks in directory: D:\HR Estimation\face_landmarks_81p\12\12_NM\
Completed landmarks in directory: D:\HR Estimation\face_landmarks_81p\12\12_NS\
Completed landmarks in directory: D:\HR Estimation\face_landmarks_81p\12\12_NSE\
Completed landmarks in directory: D:\HR Estimation\face_landmarks_81p\13\13_DM\
Completed landmarks in directory: D:\HR Estimation\face_landmarks_81p\13\13_DS\
Completed landmarks in directory: D:\HR Estimation\face_landmarks_81p\13\13_NM\
Completed landmarks in directory: D:\HR Estimation\face_landmarks_81p\13\13_NS\
Failed to open video file: D:\HR Estimation\PFFdatabase\13\13_NSE_f.MOV
